<?xml version="1.0" encoding="UTF-8"?>
<!-- Generated by org.testng.reporters.JUnitReportReporter -->
<testsuite hostname="AmitHadge" failures="0" tests="3" name="runners.LoginRunner" time="0.095" errors="0" timestamp="2024-07-19T11:53:57 IST" skipped="0">
  <testcase classname="runners.LoginRunner" name="runScenario" time="0.007"/>
  <system-out/>
  <testcase classname="runners.LoginRunner" name="runScenario" time="0.076"/>
  <system-out/>
  <testcase classname="runners.LoginRunner" name="runScenario" time="0.012"/>
  <system-out/>
</testsuite> <!-- runners.LoginRunner -->
